[debug] [2023-12-09T17:13:13.032Z] ----------------------------------------------------------------------
[debug] [2023-12-09T17:13:13.034Z] Command:       D:\dipak\programs\node\node.exe C:\Users\dk217\AppData\Roaming\npm\node_modules\firebase-tools\lib\bin\firebase.js init
[debug] [2023-12-09T17:13:13.034Z] CLI Version:   13.0.1
[debug] [2023-12-09T17:13:13.035Z] Platform:      win32
[debug] [2023-12-09T17:13:13.035Z] Node Version:  v20.9.0
[debug] [2023-12-09T17:13:13.035Z] Time:          Sat Dec 09 2023 22:43:13 GMT+0530 (India Standard Time)
[debug] [2023-12-09T17:13:13.035Z] ----------------------------------------------------------------------
[debug] 
[debug] [2023-12-09T17:13:13.040Z] > command requires scopes: ["email","openid","https://www.googleapis.com/auth/cloudplatformprojects.readonly","https://www.googleapis.com/auth/firebase","https://www.googleapis.com/auth/cloud-platform"]
[debug] [2023-12-09T17:13:13.040Z] > authorizing via signed-in user (dipak.duple@gmail.com)
[info] 
     ######## #### ########  ######## ########     ###     ######  ########
     ##        ##  ##     ## ##       ##     ##  ##   ##  ##       ##
     ######    ##  ########  ######   ########  #########  ######  ######
     ##        ##  ##    ##  ##       ##     ## ##     ##       ## ##
     ##       #### ##     ## ######## ########  ##     ##  ######  ########

You're about to initialize a Firebase project in this directory:

  D:\dipak\code\myworkspace\devqueue

[info] 
=== Project Setup
[info] 
[info] First, let's associate this project directory with a Firebase project.
[info] You can create multiple project aliases by running firebase use --add, 
[info] but for now we'll just set up a default project.
[info] 
[info] i  If you want to create a project in a Google Cloud organization or folder, please use "firebase projects:create" instead, and return to this command when you've created the project. 
[debug] [2023-12-09T17:15:23.439Z] ----------------------------------------------------------------------
[debug] [2023-12-09T17:15:23.442Z] Command:       D:\dipak\programs\node\node.exe C:\Users\dk217\AppData\Roaming\npm\node_modules\firebase-tools\lib\bin\firebase.js projects:create
[debug] [2023-12-09T17:15:23.443Z] CLI Version:   13.0.1
[debug] [2023-12-09T17:15:23.443Z] Platform:      win32
[debug] [2023-12-09T17:15:23.443Z] Node Version:  v20.9.0
[debug] [2023-12-09T17:15:23.443Z] Time:          Sat Dec 09 2023 22:45:23 GMT+0530 (India Standard Time)
[debug] [2023-12-09T17:15:23.444Z] ----------------------------------------------------------------------
[debug] 
[debug] [2023-12-09T17:15:23.450Z] > command requires scopes: ["email","openid","https://www.googleapis.com/auth/cloudplatformprojects.readonly","https://www.googleapis.com/auth/firebase","https://www.googleapis.com/auth/cloud-platform"]
[debug] [2023-12-09T17:15:23.451Z] > authorizing via signed-in user (dipak.duple@gmail.com)
[debug] [2023-12-09T17:15:51.249Z] >>> [apiv2][query] POST https://cloudresourcemanager.googleapis.com/v1/projects [none]
[debug] [2023-12-09T17:15:51.249Z] >>> [apiv2][body] POST https://cloudresourcemanager.googleapis.com/v1/projects {"projectId":"devqueue","name":"devqueue"}
[debug] [2023-12-09T17:15:53.292Z] <<< [apiv2][status] POST https://cloudresourcemanager.googleapis.com/v1/projects 200
[debug] [2023-12-09T17:15:53.292Z] <<< [apiv2][body] POST https://cloudresourcemanager.googleapis.com/v1/projects {"name":"operations/cp.7435002202197120481"}
[debug] [2023-12-09T17:15:53.293Z] >>> [apiv2][query] GET https://cloudresourcemanager.googleapis.com/v1/operations/cp.7435002202197120481 [none]
[debug] [2023-12-09T17:15:54.901Z] <<< [apiv2][status] GET https://cloudresourcemanager.googleapis.com/v1/operations/cp.7435002202197120481 200
[debug] [2023-12-09T17:15:54.901Z] <<< [apiv2][body] GET https://cloudresourcemanager.googleapis.com/v1/operations/cp.7435002202197120481 {"name":"operations/cp.7435002202197120481"}
[debug] [2023-12-09T17:15:55.407Z] [Project Creation Poller] Retrying task index 0
[debug] [2023-12-09T17:15:55.408Z] >>> [apiv2][query] GET https://cloudresourcemanager.googleapis.com/v1/operations/cp.7435002202197120481 [none]
[debug] [2023-12-09T17:15:56.007Z] <<< [apiv2][status] GET https://cloudresourcemanager.googleapis.com/v1/operations/cp.7435002202197120481 200
[debug] [2023-12-09T17:15:56.007Z] <<< [apiv2][body] GET https://cloudresourcemanager.googleapis.com/v1/operations/cp.7435002202197120481 {"name":"operations/cp.7435002202197120481","metadata":{"@type":"type.googleapis.com/google.cloudresourcemanager.v1.ProjectCreationStatus","gettable":true}}
[debug] [2023-12-09T17:15:57.015Z] [Project Creation Poller] Retrying task index 0
[debug] [2023-12-09T17:15:57.016Z] >>> [apiv2][query] GET https://cloudresourcemanager.googleapis.com/v1/operations/cp.7435002202197120481 [none]
[debug] [2023-12-09T17:15:57.639Z] <<< [apiv2][status] GET https://cloudresourcemanager.googleapis.com/v1/operations/cp.7435002202197120481 200
[debug] [2023-12-09T17:15:57.639Z] <<< [apiv2][body] GET https://cloudresourcemanager.googleapis.com/v1/operations/cp.7435002202197120481 {"name":"operations/cp.7435002202197120481","metadata":{"@type":"type.googleapis.com/google.cloudresourcemanager.v1.ProjectCreationStatus","gettable":true,"ready":true},"done":true,"response":{"@type":"type.googleapis.com/google.cloudresourcemanager.v1.Project","projectNumber":"981582118245","projectId":"devqueue","lifecycleState":"ACTIVE","name":"devqueue","createTime":"2023-12-09T17:15:57.433Z"}}
[debug] [2023-12-09T17:15:57.641Z] >>> [apiv2][query] POST https://firebase.googleapis.com/v1beta1/projects/devqueue:addFirebase [none]
[debug] [2023-12-09T17:16:01.517Z] <<< [apiv2][status] POST https://firebase.googleapis.com/v1beta1/projects/devqueue:addFirebase 200
[debug] [2023-12-09T17:16:01.517Z] <<< [apiv2][body] POST https://firebase.googleapis.com/v1beta1/projects/devqueue:addFirebase {"name":"operations/workflows/NWQyMmUzYmUtZDMyOS00N2QwLThlZjUtZGNkYTdhZmVmYmFm"}
[debug] [2023-12-09T17:16:01.518Z] >>> [apiv2][query] GET https://firebase.googleapis.com/v1beta1/operations/workflows/NWQyMmUzYmUtZDMyOS00N2QwLThlZjUtZGNkYTdhZmVmYmFm [none]
[debug] [2023-12-09T17:16:02.529Z] <<< [apiv2][status] GET https://firebase.googleapis.com/v1beta1/operations/workflows/NWQyMmUzYmUtZDMyOS00N2QwLThlZjUtZGNkYTdhZmVmYmFm 200
[debug] [2023-12-09T17:16:02.530Z] <<< [apiv2][body] GET https://firebase.googleapis.com/v1beta1/operations/workflows/NWQyMmUzYmUtZDMyOS00N2QwLThlZjUtZGNkYTdhZmVmYmFm {"name":"operations/workflows/NWQyMmUzYmUtZDMyOS00N2QwLThlZjUtZGNkYTdhZmVmYmFm"}
[debug] [2023-12-09T17:16:03.046Z] [Add Firebase Poller] Retrying task index 0
[debug] [2023-12-09T17:16:03.046Z] >>> [apiv2][query] GET https://firebase.googleapis.com/v1beta1/operations/workflows/NWQyMmUzYmUtZDMyOS00N2QwLThlZjUtZGNkYTdhZmVmYmFm [none]
[debug] [2023-12-09T17:16:04.140Z] <<< [apiv2][status] GET https://firebase.googleapis.com/v1beta1/operations/workflows/NWQyMmUzYmUtZDMyOS00N2QwLThlZjUtZGNkYTdhZmVmYmFm 200
[debug] [2023-12-09T17:16:04.140Z] <<< [apiv2][body] GET https://firebase.googleapis.com/v1beta1/operations/workflows/NWQyMmUzYmUtZDMyOS00N2QwLThlZjUtZGNkYTdhZmVmYmFm {"name":"operations/workflows/NWQyMmUzYmUtZDMyOS00N2QwLThlZjUtZGNkYTdhZmVmYmFm"}
[debug] [2023-12-09T17:16:05.146Z] [Add Firebase Poller] Retrying task index 0
[debug] [2023-12-09T17:16:05.146Z] >>> [apiv2][query] GET https://firebase.googleapis.com/v1beta1/operations/workflows/NWQyMmUzYmUtZDMyOS00N2QwLThlZjUtZGNkYTdhZmVmYmFm [none]
[debug] [2023-12-09T17:16:05.886Z] <<< [apiv2][status] GET https://firebase.googleapis.com/v1beta1/operations/workflows/NWQyMmUzYmUtZDMyOS00N2QwLThlZjUtZGNkYTdhZmVmYmFm 200
[debug] [2023-12-09T17:16:05.886Z] <<< [apiv2][body] GET https://firebase.googleapis.com/v1beta1/operations/workflows/NWQyMmUzYmUtZDMyOS00N2QwLThlZjUtZGNkYTdhZmVmYmFm {"name":"operations/workflows/NWQyMmUzYmUtZDMyOS00N2QwLThlZjUtZGNkYTdhZmVmYmFm"}
[debug] [2023-12-09T17:16:07.887Z] [Add Firebase Poller] Retrying task index 0
[debug] [2023-12-09T17:16:07.887Z] >>> [apiv2][query] GET https://firebase.googleapis.com/v1beta1/operations/workflows/NWQyMmUzYmUtZDMyOS00N2QwLThlZjUtZGNkYTdhZmVmYmFm [none]
[debug] [2023-12-09T17:16:08.920Z] <<< [apiv2][status] GET https://firebase.googleapis.com/v1beta1/operations/workflows/NWQyMmUzYmUtZDMyOS00N2QwLThlZjUtZGNkYTdhZmVmYmFm 200
[debug] [2023-12-09T17:16:08.920Z] <<< [apiv2][body] GET https://firebase.googleapis.com/v1beta1/operations/workflows/NWQyMmUzYmUtZDMyOS00N2QwLThlZjUtZGNkYTdhZmVmYmFm {"name":"operations/workflows/NWQyMmUzYmUtZDMyOS00N2QwLThlZjUtZGNkYTdhZmVmYmFm"}
[debug] [2023-12-09T17:16:12.932Z] [Add Firebase Poller] Retrying task index 0
[debug] [2023-12-09T17:16:12.932Z] >>> [apiv2][query] GET https://firebase.googleapis.com/v1beta1/operations/workflows/NWQyMmUzYmUtZDMyOS00N2QwLThlZjUtZGNkYTdhZmVmYmFm [none]
[debug] [2023-12-09T17:16:13.870Z] <<< [apiv2][status] GET https://firebase.googleapis.com/v1beta1/operations/workflows/NWQyMmUzYmUtZDMyOS00N2QwLThlZjUtZGNkYTdhZmVmYmFm 200
[debug] [2023-12-09T17:16:13.870Z] <<< [apiv2][body] GET https://firebase.googleapis.com/v1beta1/operations/workflows/NWQyMmUzYmUtZDMyOS00N2QwLThlZjUtZGNkYTdhZmVmYmFm {"name":"operations/workflows/NWQyMmUzYmUtZDMyOS00N2QwLThlZjUtZGNkYTdhZmVmYmFm","done":true,"response":{"@type":"type.googleapis.com/google.firebase.service.v1beta1.FirebaseProject","projectId":"devqueue","projectNumber":"981582118245","displayName":"devqueue","name":"projects/devqueue","resources":{"hostingSite":"devqueue-8286e"}}}
[info] 
[info] === Your Firebase project is ready! ===
[info] 
[info] Project information:
[info]    - Project ID: devqueue
[info]    - Project Name: devqueue
[info] 
[info] Firebase console is available at
[info] https://console.firebase.google.com/project/devqueue/overview
[info] i  Using project devqueue (devqueue) 
[info] 
=== Hosting Setup
[debug] [2023-12-09T17:16:13.882Z] >>> [apiv2][query] GET https://firebase.googleapis.com/v1beta1/projects/devqueue [none]
[debug] [2023-12-09T17:16:15.160Z] <<< [apiv2][status] GET https://firebase.googleapis.com/v1beta1/projects/devqueue 200
[debug] [2023-12-09T17:16:15.160Z] <<< [apiv2][body] GET https://firebase.googleapis.com/v1beta1/projects/devqueue {"projectId":"devqueue","projectNumber":"981582118245","displayName":"devqueue","name":"projects/devqueue","resources":{"hostingSite":"devqueue-8286e"},"state":"ACTIVE","etag":"1_847cf7a1-9d15-4631-9af1-79899683adff"}
[info] 
[info] Your public directory is the folder (relative to your project directory) that
[info] will contain Hosting assets to be uploaded with firebase deploy. If you
[info] have a build process for your assets, use your build's output directory.
[info] 
[debug] [2023-12-09T17:17:12.131Z] >>> [apiv2][query] GET https://www.gstatic.com/firebasejs/releases.json [none]
[debug] [2023-12-09T17:17:12.353Z] <<< [apiv2][status] GET https://www.gstatic.com/firebasejs/releases.json 200
[debug] [2023-12-09T17:17:12.353Z] <<< [apiv2][body] GET https://www.gstatic.com/firebasejs/releases.json {"current":{"version":"10.7.1","browserURL":"https://www.gstatic.com/firebasejs/10.7.1/firebase.js","packageURL":"https://www.gstatic.com/firebasejs/10.7.1/firebase.tgz"},"live":{"version":"10.7","browserURL":"https://www.gstatic.com/firebasejs/live/10.7/firebase.js","packageURL":"https://www.gstatic.com/firebasejs/live/10.7/firebase.tgz"},"components":{"analytics":"https://www.gstatic.com/firebasejs/10.7.1/firebase-analytics.js","app":"https://www.gstatic.com/firebasejs/10.7.1/firebase-app.js","app-check":"https://www.gstatic.com/firebasejs/10.7.1/firebase-app-check.js","auth":"https://www.gstatic.com/firebasejs/10.7.1/firebase-auth.js","auth/cordova":"https://www.gstatic.com/firebasejs/10.7.1/firebase-auth/cordova.js","functions":"https://www.gstatic.com/firebasejs/10.7.1/firebase-functions.js","firestore":"https://www.gstatic.com/firebasejs/10.7.1/firebase-firestore.js","firestore/lite":"https://www.gstatic.com/firebasejs/10.7.1/firebase-firestore/lite.js","installations":"https://www.gstatic.com/firebasejs/10.7.1/firebase-installations.js","storage":"https://www.gstatic.com/firebasejs/10.7.1/firebase-storage.js","performance":"https://www.gstatic.com/firebasejs/10.7.1/firebase-performance.js","remote-config":"https://www.gstatic.com/firebasejs/10.7.1/firebase-remote-config.js","messaging":"https://www.gstatic.com/firebasejs/10.7.1/firebase-messaging.js","messaging/sw":"https://www.gstatic.com/firebasejs/10.7.1/firebase-messaging/sw.js","database":"https://www.gstatic.com/firebasejs/10.7.1/firebase-database.js","firestore.memory":"https://www.gstatic.com/firebasejs/10.7.1/firebase-firestore.memory.js"}}
[info] +  Wrote public/index.html 
[info] 
[info] i  Didn't detect a .git folder. Assuming D:\dipak\code\myworkspace\devqueue is the project root. 
[info] i  Authorizing with GitHub to upload your service account to a GitHub repository's secrets store. 
[info] 
[info] Visit this URL on this device to log in:
[info] https://github.com/login/oauth/authorize?client_id=89cf50f02ac6aaed3484&state=474322529&redirect_uri=http%3A%2F%2Flocalhost%3A9005&scope=read%3Auser%20repo%20public_repo
[info] 
[info] Waiting for authentication...
[debug] [2023-12-09T17:17:28.365Z] >>> [apiv2][query] POST https://github.com/login/oauth/access_token [none]
[debug] [2023-12-09T17:17:28.365Z] >>> [apiv2][body] POST https://github.com/login/oauth/access_token [stream]
[debug] [2023-12-09T17:17:28.823Z] <<< [apiv2][status] POST https://github.com/login/oauth/access_token 200
[debug] [2023-12-09T17:17:28.823Z] <<< [apiv2][body] POST https://github.com/login/oauth/access_token {"access_token":"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","token_type":"bearer","scope":"read:user,repo"}
[debug] [2023-12-09T17:17:28.831Z] >>> [apiv2][query] GET https://api.github.com/user [none]
[debug] [2023-12-09T17:17:29.288Z] <<< [apiv2][status] GET https://api.github.com/user 200
[debug] [2023-12-09T17:17:29.288Z] <<< [apiv2][body] GET https://api.github.com/user {"login":"dkmali3055","id":96747875,"node_id":"U_kgDOBcRBYw","avatar_url":"https://avatars.githubusercontent.com/u/96747875?v=4","gravatar_id":"","url":"https://api.github.com/users/dkmali3055","html_url":"https://github.com/dkmali3055","followers_url":"https://api.github.com/users/dkmali3055/followers","following_url":"https://api.github.com/users/dkmali3055/following{/other_user}","gists_url":"https://api.github.com/users/dkmali3055/gists{/gist_id}","starred_url":"https://api.github.com/users/dkmali3055/starred{/owner}{/repo}","subscriptions_url":"https://api.github.com/users/dkmali3055/subscriptions","organizations_url":"https://api.github.com/users/dkmali3055/orgs","repos_url":"https://api.github.com/users/dkmali3055/repos","events_url":"https://api.github.com/users/dkmali3055/events{/privacy}","received_events_url":"https://api.github.com/users/dkmali3055/received_events","type":"User","site_admin":false,"name":"Dipak Mali","company":null,"blog":"","location":null,"email":null,"hireable":null,"bio":null,"twitter_username":null,"public_repos":8,"public_gists":0,"followers":0,"following":2,"created_at":"2021-12-27T20:10:29Z","updated_at":"2023-11-27T13:23:42Z","private_gists":0,"total_private_repos":29,"owned_private_repos":29,"disk_usage":172145,"collaborators":1,"two_factor_authentication":false,"plan":{"name":"pro","space":976562499,"collaborators":0,"private_repos":9999}}
[info] 
[info] +  Success! Logged into GitHub as dkmali3055 
[info] 
